Build started 3/22/2017 8:58:34 PM.
     1>Project "G:\Source\GitHub\ferm-control\Arduino\Simple_Ferm_Chamber\Simple_Ferm_Chamber.vcxproj" on node 2 (Build target(s)).
     1>ClCompile:
         E:\Program Files (x86)\Microsoft Visual Studio 12.0\VC\bin\CL.exe /c /I"E:\Source\Arduino\Base Source Code\arduino-1.5\Arduino\hardware\arduino\avr\cores\arduino" /I"E:\Source\Arduino\Base Source Code\arduino-1.5\Arduino\hardware\arduino\avr\variants\standard" /I"E:\Source\Arduino\Base Source Code\arduino-1.5\Arduino\hardware\arduino\avr\libraries\Wire" /I"E:\Source\Arduino\Base Source Code\arduino-1.5\Arduino\hardware\arduino\avr\libraries\Wire\utility" /I"E:\Source\Arduino\Base Source Code\arduino-1.5\Arduino\libraries\OneWire" /I"E:\Source\Arduino\Base Source Code\arduino-1.5\Arduino\libraries\OneWire\utility" /I"E:\Source\Arduino\Base Source Code\arduino-1.5\Arduino\libraries" /I"E:\Source\Arduino\Base Source Code\arduino-1.5\Arduino\hardware\arduino\avr\libraries" /I"C:\Program Files (x86)\Visual Micro\Visual Micro for Arduino\Micro Platforms\default\debuggers" /IC:\Users\Sean\Documents\Arduino\libraries /I"e:\source\arduino\base source code\arduino-1.5\arduino\hardware\tools\avr\avr\include\\" /I"e:\source\arduino\base source code\arduino-1.5\arduino\hardware\tools\avr\avr\include\avr\\" /I"e:\source\arduino\base source code\arduino-1.5\arduino\hardware\tools\avr\avr\\" /I"e:\source\arduino\base source code\arduino-1.5\arduino\hardware\tools\avr\lib\gcc\avr\4.3.2\include\\" /Zi /nologo /W3 /WX- /O2 /Oi /Oy- /GL /D _MBCS /Gm- /EHsc /MD /GS /Gy /fp:precise /Zc:wchar_t /Zc:forScope /Fo"Release\\" /Fd"Release\vc120.pdb" /Gd /TP /analyze- /errorReport:prompt Communicator.cpp EEPROMex.cpp ID.cpp Logger.cpp Relay.cpp TemperatureManager.cpp TemperatureSensor.cpp Test_Example.cpp Triggerable.cpp Utility.cpp
         Communicator.cpp
     1>g:\source\github\ferm-control\arduino\simple_ferm_chamber\Utility.h(9): fatal error C1083: Cannot open include file: 'WProgram.h': No such file or directory
         EEPROMex.cpp
     1>g:\source\github\ferm-control\arduino\simple_ferm_chamber\EEPROMex.h(26): fatal error C1083: Cannot open include file: 'WProgram.h': No such file or directory
         ID.cpp
     1>g:\source\github\ferm-control\arduino\simple_ferm_chamber\ID.h(7): fatal error C1083: Cannot open include file: 'WProgram.h': No such file or directory
         Logger.cpp
     1>g:\source\github\ferm-control\arduino\simple_ferm_chamber\Logger.h(9): fatal error C1083: Cannot open include file: 'WProgram.h': No such file or directory
         Relay.cpp
     1>g:\source\github\ferm-control\arduino\simple_ferm_chamber\Relay.h(9): fatal error C1083: Cannot open include file: 'WProgram.h': No such file or directory
         TemperatureManager.cpp
     1>g:\source\github\ferm-control\arduino\simple_ferm_chamber\TemperatureManager.h(7): fatal error C1083: Cannot open include file: 'WProgram.h': No such file or directory
         TemperatureSensor.cpp
     1>g:\source\github\ferm-control\arduino\simple_ferm_chamber\TemperatureSensor.h(6): fatal error C1083: Cannot open include file: 'OneWire.h': No such file or directory
         Test_Example.cpp
         Triggerable.cpp
     1>g:\source\github\ferm-control\arduino\simple_ferm_chamber\Triggerable.h(7): fatal error C1083: Cannot open include file: 'WProgram.h': No such file or directory
         Utility.cpp
     1>g:\source\github\ferm-control\arduino\simple_ferm_chamber\Utility.h(9): fatal error C1083: Cannot open include file: 'WProgram.h': No such file or directory
     1>Done Building Project "G:\Source\GitHub\ferm-control\Arduino\Simple_Ferm_Chamber\Simple_Ferm_Chamber.vcxproj" (Build target(s)) -- FAILED.

Build FAILED.

Time Elapsed 00:00:00.60
